# JRE version: OpenJDK Runtime Environment (8.0_181-b13) (build 1.8.0_181-8u181-b13-0ubuntu0.18.04.1-b13)
# Java VM: OpenJDK 64-Bit Server VM (25.181-b13 mixed mode linux-amd64 compressed oops)
Heap:
 PSYoungGen      total 76288K, used 22091K [0x00000000eb700000, 0x00000000f1800000, 0x0000000100000000)
  eden space 60928K, 13% used [0x00000000eb700000,0x00000000ebed3b08,0x00000000ef280000)
  from space 15360K, 91% used [0x00000000f0400000,0x00000000f11bf118,0x00000000f1300000)
  to   space 17920K, 0% used [0x00000000ef280000,0x00000000ef280000,0x00000000f0400000)
 ParOldGen       total 42496K, used 23502K [0x00000000c2400000, 0x00000000c4d80000, 0x00000000eb700000)
  object space 42496K, 55% used [0x00000000c2400000,0x00000000c3af3a78,0x00000000c4d80000)
 Metaspace       used 19556K, capacity 20854K, committed 21120K, reserved 1067008K
  class space    used 2606K, capacity 2864K, committed 2944K, reserved 1048576K
GC Heap History (10 events):
Event: 2.552 GC heap before
{Heap before GC invocations=2 (full 0):
 PSYoungGen      total 18432K, used 18418K [0x00000000eb700000, 0x00000000ecb80000, 0x0000000100000000)
  eden space 15872K, 100% used [0x00000000eb700000,0x00000000ec680000,0x00000000ec680000)
  from space 2560K, 99% used [0x00000000ec680000,0x00000000ec8fcb28,0x00000000ec900000)
  to   space 2560K, 0% used [0x00000000ec900000,0x00000000ec900000,0x00000000ecb80000)
 ParOldGen       total 42496K, used 1446K [0x00000000c2400000, 0x00000000c4d80000, 0x00000000eb700000)
  object space 42496K, 3% used [0x00000000c2400000,0x00000000c2569b18,0x00000000c4d80000)
 Metaspace       used 12381K, capacity 12880K, committed 13056K, reserved 1060864K
  class space    used 1600K, capacity 1734K, committed 1792K, reserved 1048576K
Event: 2.573 GC heap after
Heap after GC invocations=2 (full 0):
 PSYoungGen      total 18432K, used 2544K [0x00000000eb700000, 0x00000000edb00000, 0x0000000100000000)
  eden space 15872K, 0% used [0x00000000eb700000,0x00000000eb700000,0x00000000ec680000)
  from space 2560K, 99% used [0x00000000ec900000,0x00000000ecb7c010,0x00000000ecb80000)
  to   space 2560K, 0% used [0x00000000ec680000,0x00000000ec680000,0x00000000ec900000)
 ParOldGen       total 42496K, used 4142K [0x00000000c2400000, 0x00000000c4d80000, 0x00000000eb700000)
  object space 42496K, 9% used [0x00000000c2400000,0x00000000c280bb58,0x00000000c4d80000)
 Metaspace       used 12381K, capacity 12880K, committed 13056K, reserved 1060864K
  class space    used 1600K, capacity 1734K, committed 1792K, reserved 1048576K
}
Event: 3.001 GC heap before
{Heap before GC invocations=3 (full 0):
 PSYoungGen      total 18432K, used 18416K [0x00000000eb700000, 0x00000000edb00000, 0x0000000100000000)
  eden space 15872K, 100% used [0x00000000eb700000,0x00000000ec680000,0x00000000ec680000)
  from space 2560K, 99% used [0x00000000ec900000,0x00000000ecb7c010,0x00000000ecb80000)
  to   space 2560K, 0% used [0x00000000ec680000,0x00000000ec680000,0x00000000ec900000)
 ParOldGen       total 42496K, used 4142K [0x00000000c2400000, 0x00000000c4d80000, 0x00000000eb700000)
  object space 42496K, 9% used [0x00000000c2400000,0x00000000c280bb58,0x00000000c4d80000)
 Metaspace       used 13523K, capacity 14060K, committed 14208K, reserved 1060864K
  class space    used 1791K, capacity 1917K, committed 1920K, reserved 1048576K
Event: 3.033 GC heap after
Heap after GC invocations=3 (full 0):
 PSYoungGen      total 18432K, used 2544K [0x00000000eb700000, 0x00000000edb00000, 0x0000000100000000)
  eden space 15872K, 0% used [0x00000000eb700000,0x00000000eb700000,0x00000000ec680000)
  from space 2560K, 99% used [0x00000000ec680000,0x00000000ec8fc010,0x00000000ec900000)
  to   space 2560K, 0% used [0x00000000ed880000,0x00000000ed880000,0x00000000edb00000)
 ParOldGen       total 42496K, used 5538K [0x00000000c2400000, 0x00000000c4d80000, 0x00000000eb700000)
  object space 42496K, 13% used [0x00000000c2400000,0x00000000c29689e8,0x00000000c4d80000)
 Metaspace       used 13523K, capacity 14060K, committed 14208K, reserved 1060864K
  class space    used 1791K, capacity 1917K, committed 1920K, reserved 1048576K
}
Event: 3.290 GC heap before
{Heap before GC invocations=4 (full 0):
 PSYoungGen      total 18432K, used 18416K [0x00000000eb700000, 0x00000000edb00000, 0x0000000100000000)
  eden space 15872K, 100% used [0x00000000eb700000,0x00000000ec680000,0x00000000ec680000)
  from space 2560K, 99% used [0x00000000ec680000,0x00000000ec8fc010,0x00000000ec900000)
  to   space 2560K, 0% used [0x00000000ed880000,0x00000000ed880000,0x00000000edb00000)
 ParOldGen       total 42496K, used 5538K [0x00000000c2400000, 0x00000000c4d80000, 0x00000000eb700000)
  object space 42496K, 13% used [0x00000000c2400000,0x00000000c29689e8,0x00000000c4d80000)
 Metaspace       used 15228K, capacity 16074K, committed 16128K, reserved 1062912K
  class space    used 2098K, capacity 2286K, committed 2304K, reserved 1048576K
Event: 3.308 GC heap after
Heap after GC invocations=4 (full 0):
 PSYoungGen      total 34304K, used 2528K [0x00000000eb700000, 0x00000000edb00000, 0x0000000100000000)
  eden space 31744K, 0% used [0x00000000eb700000,0x00000000eb700000,0x00000000ed600000)
  from space 2560K, 98% used [0x00000000ed880000,0x00000000edaf8020,0x00000000edb00000)
  to   space 2560K, 0% used [0x00000000ed600000,0x00000000ed600000,0x00000000ed880000)
 ParOldGen       total 42496K, used 7075K [0x00000000c2400000, 0x00000000c4d80000, 0x00000000eb700000)
  object space 42496K, 16% used [0x00000000c2400000,0x00000000c2ae8d78,0x00000000c4d80000)
 Metaspace       used 15228K, capacity 16074K, committed 16128K, reserved 1062912K
  class space    used 2098K, capacity 2286K, committed 2304K, reserved 1048576K
}
Event: 7.260 GC heap before
{Heap before GC invocations=5 (full 0):
 PSYoungGen      total 34304K, used 34272K [0x00000000eb700000, 0x00000000edb00000, 0x0000000100000000)
  eden space 31744K, 100% used [0x00000000eb700000,0x00000000ed600000,0x00000000ed600000)
  from space 2560K, 98% used [0x00000000ed880000,0x00000000edaf8020,0x00000000edb00000)
  to   space 2560K, 0% used [0x00000000ed600000,0x00000000ed600000,0x00000000ed880000)
 ParOldGen       total 42496K, used 7075K [0x00000000c2400000, 0x00000000c4d80000, 0x00000000eb700000)
  object space 42496K, 16% used [0x00000000c2400000,0x00000000c2ae8d78,0x00000000c4d80000)
 Metaspace       used 18627K, capacity 19804K, committed 19968K, reserved 1067008K
  class space    used 2571K, capacity 2809K, committed 2816K, reserved 1048576K
Event: 7.417 GC heap after
Heap after GC invocations=5 (full 0):
 PSYoungGen      total 34304K, used 2538K [0x00000000eb700000, 0x00000000f1300000, 0x0000000100000000)
  eden space 31744K, 0% used [0x00000000eb700000,0x00000000eb700000,0x00000000ed600000)
  from space 2560K, 99% used [0x00000000ed600000,0x00000000ed87a810,0x00000000ed880000)
  to   space 15360K, 0% used [0x00000000f0400000,0x00000000f0400000,0x00000000f1300000)
 ParOldGen       total 42496K, used 23494K [0x00000000c2400000, 0x00000000c4d80000, 0x00000000eb700000)
  object space 42496K, 55% used [0x00000000c2400000,0x00000000c3af1a78,0x00000000c4d80000)
 Metaspace       used 18627K, capacity 19804K, committed 19968K, reserved 1067008K
  class space    used 2571K, capacity 2809K, committed 2816K, reserved 1048576K
}
Event: 59.623 GC heap before
{Heap before GC invocations=6 (full 0):
 PSYoungGen      total 34304K, used 34282K [0x00000000eb700000, 0x00000000f1300000, 0x0000000100000000)
  eden space 31744K, 100% used [0x00000000eb700000,0x00000000ed600000,0x00000000ed600000)
  from space 2560K, 99% used [0x00000000ed600000,0x00000000ed87a810,0x00000000ed880000)
  to   space 15360K, 0% used [0x00000000f0400000,0x00000000f0400000,0x00000000f1300000)
 ParOldGen       total 42496K, used 23494K [0x00000000c2400000, 0x00000000c4d80000, 0x00000000eb700000)
  object space 42496K, 55% used [0x00000000c2400000,0x00000000c3af1a78,0x00000000c4d80000)
 Metaspace       used 19537K, capacity 20790K, committed 21120K, reserved 1067008K
  class space    used 2606K, capacity 2864K, committed 2944K, reserved 1048576K
Event: 59.656 GC heap after
Heap after GC invocations=6 (full 0):
 PSYoungGen      total 76288K, used 14076K [0x00000000eb700000, 0x00000000f1800000, 0x0000000100000000)
  eden space 60928K, 0% used [0x00000000eb700000,0x00000000eb700000,0x00000000ef280000)
  from space 15360K, 91% used [0x00000000f0400000,0x00000000f11bf118,0x00000000f1300000)
  to   space 17920K, 0% used [0x00000000ef280000,0x00000000ef280000,0x00000000f0400000)
 ParOldGen       total 42496K, used 23502K [0x00000000c2400000, 0x00000000c4d80000, 0x00000000eb700000)
  object space 42496K, 55% used [0x00000000c2400000,0x00000000c3af3a78,0x00000000c4d80000)
 Metaspace       used 19537K, capacity 20790K, committed 21120K, reserved 1067008K
  class space    used 2606K, capacity 2864K, committed 2944K, reserved 1048576K
}

